\BOOKMARK [1][-]{section.1}{Introduction}{}% 1
\BOOKMARK [2][-]{subsection.1.1}{Purpose of this document}{section.1}% 2
\BOOKMARK [2][-]{subsection.1.2}{Scope}{section.1}% 3
\BOOKMARK [2][-]{subsection.1.3}{Objectives}{section.1}% 4
\BOOKMARK [1][-]{section.2}{Overview}{}% 5
\BOOKMARK [2][-]{subsection.2.1}{Platforms and High Level Architecture}{section.2}% 6
\BOOKMARK [3][-]{subsubsection.2.1.1}{Hypertext Markup Language \(HTML\)}{subsection.2.1}% 7
\BOOKMARK [3][-]{subsubsection.2.1.2}{Cascading Style Sheets \(CSS\)}{subsection.2.1}% 8
\BOOKMARK [3][-]{subsubsection.2.1.3}{PHP: Hypertext Preprocessor \(PHP\)}{subsection.2.1}% 9
\BOOKMARK [3][-]{subsubsection.2.1.4}{PostgreSQL}{subsection.2.1}% 10
\BOOKMARK [3][-]{subsubsection.2.1.5}{Analytics}{subsection.2.1}% 11
\BOOKMARK [3][-]{subsubsection.2.1.6}{Internet Connectivity}{subsection.2.1}% 12
\BOOKMARK [3][-]{subsubsection.2.1.7}{Staff Login}{subsection.2.1}% 13
\BOOKMARK [3][-]{subsubsection.2.1.8}{Staff Access to SAMS/AStRA}{subsection.2.1}% 14
\BOOKMARK [2][-]{subsection.2.2}{Description of Target Users}{section.2}% 15
\BOOKMARK [2][-]{subsection.2.3}{Software Licensing}{section.2}% 16
\BOOKMARK [1][-]{section.3}{Use Case}{}% 17
\BOOKMARK [2][-]{subsection.3.1}{Use Case Diagram}{section.3}% 18
\BOOKMARK [2][-]{subsection.3.2}{Use Case Descriptions}{section.3}% 19
\BOOKMARK [1][-]{section.4}{User interface design}{}% 20
\BOOKMARK [2][-]{subsection.4.1}{User Navigation}{section.4}% 21
\BOOKMARK [2][-]{subsection.4.2}{GUI Design}{section.4}% 22
\BOOKMARK [3][-]{subsubsection.4.2.1}{Home Page}{subsection.4.2}% 23
\BOOKMARK [1][-]{section.5}{Project Management}{}% 24
\BOOKMARK [2][-]{subsection.5.1}{Gantt Chart}{section.5}% 25
\BOOKMARK [2][-]{subsection.5.2}{Risk Analysis}{section.5}% 26
